Arguments: 
  C:\Program Files\nodejs\node.exe C:\Users\Greg\AppData\Roaming\npm\node_modules\yarn\bin\yarn.js add -D @types/xss-clean

PATH: 
  C:\Program Files\Git\mingw64\bin;C:\Program Files\Git\usr\bin;C:\Users\Greg\bin;C:\Windows\system32;C:\Windows;C:\Windows\System32\Wbem;C:\Windows\System32\WindowsPowerShell\v1.0;C:\Windows\System32\OpenSSH;C:\Program Files\Git\cmd;C:\Program Files\nodejs;C:\Program Files\MongoDB\Server\5.0\bin;C:\Program Files\Docker\Docker\resources\bin;C:\ProgramData\DockerDesktop\version-bin;C:\Program Files\PostgreSQL\14\bin;C:\Program Files\GitHub CLI;C:\Users\Greg\AppData\Local\Microsoft\WindowsApps;C:\Users\Greg\AppData\Local\Programs\Microsoft VS Code\bin;C:\Users\Greg\AppData\Roaming\npm

Yarn version: 
  1.22.17

Node version: 
  16.13.2

Platform: 
  win32 x64

Trace: 
  Error: https://registry.yarnpkg.com/@types%2fxss-clean: Not found
      at Request.params.callback [as _callback] (C:\Users\Greg\AppData\Roaming\npm\node_modules\yarn\lib\cli.js:67029:18)
      at Request.self.callback (C:\Users\Greg\AppData\Roaming\npm\node_modules\yarn\lib\cli.js:140883:22)
      at Request.emit (node:events:390:28)
      at Request.<anonymous> (C:\Users\Greg\AppData\Roaming\npm\node_modules\yarn\lib\cli.js:141855:10)
      at Request.emit (node:events:390:28)
      at IncomingMessage.<anonymous> (C:\Users\Greg\AppData\Roaming\npm\node_modules\yarn\lib\cli.js:141777:12)
      at Object.onceWrapper (node:events:509:28)
      at IncomingMessage.emit (node:events:402:35)
      at endReadableNT (node:internal/streams/readable:1343:12)
      at processTicksAndRejections (node:internal/process/task_queues:83:21)

npm manifest: 
  {
    "name": "audiophile-backend",
    "version": "1.0.0",
    "description": "Audiophile e-commerce website Backend",
    "main": "build/server.js",
    "scripts": {
      "test": "jasmine-ts",
      "lint": "eslint . --ext .ts",
      "prettier": "prettier --config .prettierrc \"src/**/*.ts\" --write",
      "dev": "tsc-watch --noClear -p tsconfig.json --onSuccess \"node ./build/server.js\""
    },
    "keywords": [
      "NodeJs",
      "Typescript",
      "Express",
      "MongoDb"
    ],
    "author": "underscoreDev",
    "license": "ISC",
    "devDependencies": {
      "@types/bcrypt": "^5.0.0",
      "@types/express": "^4.17.13",
      "@types/jasmine": "^4.0.3",
      "@types/jsonwebtoken": "^8.5.8",
      "@types/mongoose": "^5.11.97",
      "@types/node": "^17.0.33",
      "@types/nodemailer": "^6.4.4",
      "@types/sharp": "^0.30.2",
      "@types/supertest": "^2.0.12",
      "@types/validator": "^13.7.4",
      "@typescript-eslint/eslint-plugin": "^5.27.0",
      "@typescript-eslint/parser": "^5.27.0",
      "eslint": "^8.17.0",
      "eslint-config-google": "^0.14.0",
      "jasmine": "^4.1.0",
      "jasmine-spec-reporter": "^7.0.0",
      "jasmine-ts": "^0.4.0",
      "nodemon": "^2.0.16",
      "prettier": "^2.6.2",
      "ts-node": "^10.7.0",
      "tsc-watch": "^5.0.3",
      "typescript": "^4.6.4"
    },
    "dependencies": {
      "bcrypt": "^5.0.1",
      "dotenv": "^16.0.1",
      "express": "^4.18.1",
      "express-mongo-sanitize": "^2.2.0",
      "express-rate-limit": "^6.5.1",
      "helmet": "^5.1.1",
      "jsonwebtoken": "^8.5.1",
      "mongoose": "^6.3.5",
      "mongoose-query-parser": "^1.3.1",
      "nodemailer": "^6.7.7",
      "sharp": "^0.30.4",
      "slugify": "^1.6.5",
      "supertest": "^6.2.3",
      "validator": "^13.7.0",
      "xss-clean": "^0.1.1"
    }
  }

yarn manifest: 
  No manifest

Lockfile: 
  No lockfile
